<?xml version="1.0" encoding="UTF-8"?>
<testng-results skipped="0" failed="0" total="1" passed="1">
  <reporter-output>
  </reporter-output>
  <suite name="Default suite" duration-ms="6346" started-at="2019-09-13T14:38:36Z" finished-at="2019-09-13T14:38:42Z">
    <groups>
    </groups>
    <test name="Default test" duration-ms="6346" started-at="2019-09-13T14:38:36Z" finished-at="2019-09-13T14:38:42Z">
      <class name="guru99Demo.guru99Demo.HomepageValidation">
        <test-method status="PASS" signature="startup()[pri:0, instance:guru99Demo.guru99Demo.HomepageValidation@c038203]" name="startup" is-config="true" duration-ms="3552" started-at="2019-09-13T10:38:36Z" finished-at="2019-09-13T10:38:39Z">
          <reporter-output>
          </reporter-output>
        </test-method> <!-- startup -->
        <test-method status="PASS" signature="userLogin()[pri:0, instance:guru99Demo.guru99Demo.HomepageValidation@c038203]" name="userLogin" duration-ms="2010" started-at="2019-09-13T10:38:39Z" finished-at="2019-09-13T10:38:41Z">
          <reporter-output>
          </reporter-output>
        </test-method> <!-- userLogin -->
        <test-method status="PASS" signature="teardown()[pri:0, instance:guru99Demo.guru99Demo.HomepageValidation@c038203]" name="teardown" is-config="true" duration-ms="768" started-at="2019-09-13T10:38:41Z" finished-at="2019-09-13T10:38:42Z">
          <reporter-output>
          </reporter-output>
        </test-method> <!-- teardown -->
      </class> <!-- guru99Demo.guru99Demo.HomepageValidation -->
    </test> <!-- Default test -->
  </suite> <!-- Default suite -->
</testng-results>
