<?xml version="1.0" encoding="UTF-8"?>
<testng-results skipped="0" failed="0" total="2" passed="2">
  <reporter-output>
  </reporter-output>
  <suite name="Default suite" duration-ms="10123" started-at="2019-09-13T03:52:32Z" finished-at="2019-09-13T03:52:42Z">
    <groups>
    </groups>
    <test name="Default test" duration-ms="10123" started-at="2019-09-13T03:52:32Z" finished-at="2019-09-13T03:52:42Z">
      <class name="guru99Demo.guru99Demo.LoginTestCase">
        <test-method status="PASS" signature="startup()[pri:0, instance:guru99Demo.guru99Demo.LoginTestCase@475530b9]" name="startup" is-config="true" duration-ms="4781" started-at="2019-09-12T23:52:32Z" finished-at="2019-09-12T23:52:37Z">
          <reporter-output>
          </reporter-output>
        </test-method> <!-- startup -->
        <test-method status="PASS" signature="userLogin(java.lang.String, java.lang.String)[pri:0, instance:guru99Demo.guru99Demo.LoginTestCase@475530b9]" name="userLogin" duration-ms="3358" started-at="2019-09-12T23:52:37Z" data-provider="getData" finished-at="2019-09-12T23:52:40Z">
          <params>
            <param index="0">
              <value>
                <![CDATA[mngr222801]]>
              </value>
            </param>
            <param index="1">
              <value>
                <![CDATA[gAtejAt]]>
              </value>
            </param>
          </params>
          <reporter-output>
          </reporter-output>
        </test-method> <!-- userLogin -->
        <test-method status="PASS" signature="userLogin(java.lang.String, java.lang.String)[pri:0, instance:guru99Demo.guru99Demo.LoginTestCase@475530b9]" name="userLogin" duration-ms="1891" started-at="2019-09-12T23:52:40Z" data-provider="getData" finished-at="2019-09-12T23:52:42Z">
          <params>
            <param index="0">
              <value>
                <![CDATA[tripti]]>
              </value>
            </param>
            <param index="1">
              <value>
                <![CDATA[1234]]>
              </value>
            </param>
          </params>
          <reporter-output>
          </reporter-output>
        </test-method> <!-- userLogin -->
        <test-method status="FAIL" signature="teardown()[pri:0, instance:guru99Demo.guru99Demo.LoginTestCase@475530b9]" name="teardown" is-config="true" duration-ms="0" started-at="2019-09-12T23:52:42Z" finished-at="2019-09-12T23:52:42Z">
          <exception class="org.openqa.selenium.UnhandledAlertException">
            <message>
              <![CDATA[Dismissed user prompt dialog: User or Password is not valid: 
Build info: version: '3.4.0', revision: 'unknown', time: 'unknown'
System info: host: 'DESKTOP-T3IG8H8', ip: '10.0.0.103', os.name: 'Windows 10', os.arch: 'amd64', os.version: '10.0', java.version: '1.8.0_211'
Driver info: org.openqa.selenium.firefox.FirefoxDriver
Capabilities [{moz:profile=C:\Users\tript\AppData\Local\Temp\rust_mozprofile.qZT0jiqwooIa, rotatable=false, moz:geckodriverVersion=0.24.0, timeouts={implicit=0.0, pageLoad=300000.0, script=30000.0}, pageLoadStrategy=normal, unhandledPromptBehavior=dismiss and notify, strictFileInteractability=false, moz:headless=false, platform=ANY, moz:accessibilityChecks=false, moz:useNonSpecCompliantPointerOrigin=false, acceptInsecureCerts=false, browserVersion=67.0.2, moz:shutdownTimeout=60000.0, platformVersion=10.0, moz:processID=29588.0, browserName=firefox, moz:buildID=20190607204818, javascriptEnabled=true, platformName=windows, setWindowRect=true, moz:webdriverClick=true}]
Session ID: 142c2a3d-64af-4a54-8b69-73378e0a3611]]>
            </message>
            <full-stacktrace>
              <![CDATA[org.openqa.selenium.UnhandledAlertException: Dismissed user prompt dialog: User or Password is not valid: 
Build info: version: '3.4.0', revision: 'unknown', time: 'unknown'
System info: host: 'DESKTOP-T3IG8H8', ip: '10.0.0.103', os.name: 'Windows 10', os.arch: 'amd64', os.version: '10.0', java.version: '1.8.0_211'
Driver info: org.openqa.selenium.firefox.FirefoxDriver
Capabilities [{moz:profile=C:\Users\tript\AppData\Local\Temp\rust_mozprofile.qZT0jiqwooIa, rotatable=false, moz:geckodriverVersion=0.24.0, timeouts={implicit=0.0, pageLoad=300000.0, script=30000.0}, pageLoadStrategy=normal, unhandledPromptBehavior=dismiss and notify, strictFileInteractability=false, moz:headless=false, platform=ANY, moz:accessibilityChecks=false, moz:useNonSpecCompliantPointerOrigin=false, acceptInsecureCerts=false, browserVersion=67.0.2, moz:shutdownTimeout=60000.0, platformVersion=10.0, moz:processID=29588.0, browserName=firefox, moz:buildID=20190607204818, javascriptEnabled=true, platformName=windows, setWindowRect=true, moz:webdriverClick=true}]
Session ID: 142c2a3d-64af-4a54-8b69-73378e0a3611
	at org.openqa.selenium.remote.http.W3CHttpResponseCodec.decode(W3CHttpResponseCodec.java:113)
	at org.openqa.selenium.remote.http.W3CHttpResponseCodec.decode(W3CHttpResponseCodec.java:45)
	at org.openqa.selenium.remote.HttpCommandExecutor.execute(HttpCommandExecutor.java:164)
	at org.openqa.selenium.remote.service.DriverCommandExecutor.execute(DriverCommandExecutor.java:82)
	at org.openqa.selenium.remote.RemoteWebDriver.execute(RemoteWebDriver.java:637)
	at org.openqa.selenium.remote.RemoteWebDriver.execute(RemoteWebDriver.java:694)
	at org.openqa.selenium.remote.RemoteWebDriver.close(RemoteWebDriver.java:523)
	at guru99Demo.guru99Demo.LoginTestCase.teardown(LoginTestCase.java:52)
	at sun.reflect.NativeMethodAccessorImpl.invoke0(Native Method)
	at sun.reflect.NativeMethodAccessorImpl.invoke(NativeMethodAccessorImpl.java:62)
	at sun.reflect.DelegatingMethodAccessorImpl.invoke(DelegatingMethodAccessorImpl.java:43)
	at java.lang.reflect.Method.invoke(Method.java:498)
	at org.testng.internal.MethodInvocationHelper.invokeMethod(MethodInvocationHelper.java:80)
	at org.testng.internal.Invoker.invokeConfigurationMethod(Invoker.java:564)
	at org.testng.internal.Invoker.invokeConfigurations(Invoker.java:213)
	at org.testng.internal.Invoker.invokeConfigurations(Invoker.java:138)
	at org.testng.TestRunner.afterRun(TestRunner.java:1021)
	at org.testng.TestRunner.run(TestRunner.java:621)
	at org.testng.SuiteRunner.runTest(SuiteRunner.java:334)
	at org.testng.SuiteRunner.runSequentially(SuiteRunner.java:329)
	at org.testng.SuiteRunner.privateRun(SuiteRunner.java:291)
	at org.testng.SuiteRunner.run(SuiteRunner.java:240)
	at org.testng.SuiteRunnerWorker.runSuite(SuiteRunnerWorker.java:52)
	at org.testng.SuiteRunnerWorker.run(SuiteRunnerWorker.java:86)
	at org.testng.TestNG.runSuitesSequentially(TestNG.java:1198)
	at org.testng.TestNG.runSuitesLocally(TestNG.java:1123)
	at org.testng.TestNG.run(TestNG.java:1031)
	at org.testng.remote.AbstractRemoteTestNG.run(AbstractRemoteTestNG.java:115)
	at org.testng.remote.RemoteTestNG.initAndRun(RemoteTestNG.java:251)
	at org.testng.remote.RemoteTestNG.main(RemoteTestNG.java:77)
]]>
            </full-stacktrace>
          </exception> <!-- org.openqa.selenium.UnhandledAlertException -->
          <reporter-output>
          </reporter-output>
        </test-method> <!-- teardown -->
      </class> <!-- guru99Demo.guru99Demo.LoginTestCase -->
    </test> <!-- Default test -->
  </suite> <!-- Default suite -->
</testng-results>
