<?xml version="1.0" encoding="UTF-8"?>
<!-- Generated by org.testng.reporters.JUnitXMLReporter -->
<testsuite hostname="DESKTOP-T3IG8H8" name="Test" tests="3" failures="1" timestamp="13 Sep 2019 02:38:36 GMT" time="19.876" errors="0">
  <testcase name="userLogin" time="8.885" classname="guru99Demo.guru99Demo.LoginTestCase"/>
  <testcase name="userLogin" time="4.609" classname="guru99Demo.guru99Demo.LoginTestCase">
    <failure type="org.openqa.selenium.UnhandledAlertException" message="Dismissed user prompt dialog: User or Password is not valid: 
Build info: version: &amp;apos;3.4.0&amp;apos;, revision: &amp;apos;unknown&amp;apos;, time: &amp;apos;unknown&amp;apos;
System info: host: &amp;apos;DESKTOP-T3IG8H8&amp;apos;, ip: &amp;apos;10.0.0.103&amp;apos;, os.name: &amp;apos;Windows 10&amp;apos;, os.arch: &amp;apos;amd64&amp;apos;, os.version: &amp;apos;10.0&amp;apos;, java.version: &amp;apos;1.8.0_211&amp;apos;
Driver info: org.openqa.selenium.firefox.FirefoxDriver
Capabilities [{moz:profile=C:\Users\tript\AppData\Local\Temp\rust_mozprofile.xt88lGWqDxlX, rotatable=false, moz:geckodriverVersion=0.24.0, timeouts={implicit=0.0, pageLoad=300000.0, script=30000.0}, pageLoadStrategy=normal, unhandledPromptBehavior=dismiss and notify, strictFileInteractability=false, moz:headless=false, platform=ANY, moz:accessibilityChecks=false, moz:useNonSpecCompliantPointerOrigin=false, acceptInsecureCerts=false, browserVersion=67.0.2, moz:shutdownTimeout=60000.0, platformVersion=10.0, moz:processID=420.0, browserName=firefox, moz:buildID=20190607204818, javascriptEnabled=true, platformName=windows, setWindowRect=true, moz:webdriverClick=true}]
Session ID: 97c047dc-150c-492d-8d89-75a1b146615b">
      <![CDATA[org.openqa.selenium.UnhandledAlertException: Dismissed user prompt dialog: User or Password is not valid: 
Build info: version: '3.4.0', revision: 'unknown', time: 'unknown'
System info: host: 'DESKTOP-T3IG8H8', ip: '10.0.0.103', os.name: 'Windows 10', os.arch: 'amd64', os.version: '10.0', java.version: '1.8.0_211'
Driver info: org.openqa.selenium.firefox.FirefoxDriver
Capabilities [{moz:profile=C:\Users\tript\AppData\Local\Temp\rust_mozprofile.xt88lGWqDxlX, rotatable=false, moz:geckodriverVersion=0.24.0, timeouts={implicit=0.0, pageLoad=300000.0, script=30000.0}, pageLoadStrategy=normal, unhandledPromptBehavior=dismiss and notify, strictFileInteractability=false, moz:headless=false, platform=ANY, moz:accessibilityChecks=false, moz:useNonSpecCompliantPointerOrigin=false, acceptInsecureCerts=false, browserVersion=67.0.2, moz:shutdownTimeout=60000.0, platformVersion=10.0, moz:processID=420.0, browserName=firefox, moz:buildID=20190607204818, javascriptEnabled=true, platformName=windows, setWindowRect=true, moz:webdriverClick=true}]
Session ID: 97c047dc-150c-492d-8d89-75a1b146615b
	at org.openqa.selenium.remote.http.W3CHttpResponseCodec.decode(W3CHttpResponseCodec.java:113)
	at org.openqa.selenium.remote.http.W3CHttpResponseCodec.decode(W3CHttpResponseCodec.java:45)
	at org.openqa.selenium.remote.HttpCommandExecutor.execute(HttpCommandExecutor.java:164)
	at org.openqa.selenium.remote.service.DriverCommandExecutor.execute(DriverCommandExecutor.java:82)
	at org.openqa.selenium.remote.RemoteWebDriver.execute(RemoteWebDriver.java:637)
	at org.openqa.selenium.remote.RemoteWebDriver.execute(RemoteWebDriver.java:694)
	at org.openqa.selenium.remote.RemoteWebDriver.close(RemoteWebDriver.java:523)
	at guru99Demo.guru99Demo.LoginTestCase.userLogin(LoginTestCase.java:38)
... Removed 24 stack frames]]>
    </failure>
  </testcase> <!-- userLogin -->
  <testcase name="userLogin" time="6.352" classname="guru99Demo.guru99Demo.LoginTopNavTC2"/>
</testsuite> <!-- Test -->
