<?xml version="1.0" encoding="UTF-8"?>
<testng-results skipped="0" failed="0" total="4" passed="4">
  <reporter-output>
  </reporter-output>
  <suite name="Suite" duration-ms="18424" started-at="2019-09-13T14:39:57Z" finished-at="2019-09-13T14:40:15Z">
    <groups>
    </groups>
    <test name="Test" duration-ms="18424" started-at="2019-09-13T14:39:57Z" finished-at="2019-09-13T14:40:15Z">
      <class name="guru99Demo.guru99Demo.LoginTopNavTC2">
        <test-method status="PASS" signature="userLogin()[pri:0, instance:guru99Demo.guru99Demo.LoginTopNavTC2@9f70c54]" name="userLogin" duration-ms="6005" started-at="2019-09-13T10:40:09Z" finished-at="2019-09-13T10:40:15Z">
          <reporter-output>
          </reporter-output>
        </test-method> <!-- userLogin -->
      </class> <!-- guru99Demo.guru99Demo.LoginTopNavTC2 -->
      <class name="guru99Demo.guru99Demo.HomepageValidation">
        <test-method status="PASS" signature="startup()[pri:0, instance:guru99Demo.guru99Demo.HomepageValidation@6615435c]" name="startup" is-config="true" duration-ms="3396" started-at="2019-09-13T10:39:57Z" finished-at="2019-09-13T10:40:00Z">
          <reporter-output>
          </reporter-output>
        </test-method> <!-- startup -->
        <test-method status="PASS" signature="startup()[pri:0, instance:guru99Demo.guru99Demo.LoginTestCase@2096442d]" name="startup" is-config="true" duration-ms="3291" started-at="2019-09-13T10:40:00Z" finished-at="2019-09-13T10:40:04Z">
          <reporter-output>
          </reporter-output>
        </test-method> <!-- startup -->
        <test-method status="PASS" signature="userLogin()[pri:0, instance:guru99Demo.guru99Demo.HomepageValidation@6615435c]" name="userLogin" duration-ms="2171" started-at="2019-09-13T10:40:07Z" finished-at="2019-09-13T10:40:09Z">
          <reporter-output>
          </reporter-output>
        </test-method> <!-- userLogin -->
        <test-method status="PASS" signature="teardown()[pri:0, instance:guru99Demo.guru99Demo.HomepageValidation@6615435c]" name="teardown" is-config="true" duration-ms="726" started-at="2019-09-13T10:40:15Z" finished-at="2019-09-13T10:40:15Z">
          <reporter-output>
          </reporter-output>
        </test-method> <!-- teardown -->
        <test-method status="FAIL" signature="teardown()[pri:0, instance:guru99Demo.guru99Demo.LoginTestCase@2096442d]" name="teardown" is-config="true" duration-ms="0" started-at="2019-09-13T10:40:15Z" finished-at="2019-09-13T10:40:15Z">
          <exception class="org.openqa.selenium.UnhandledAlertException">
            <message>
              <![CDATA[Dismissed user prompt dialog: User or Password is not valid: 
Build info: version: '3.4.0', revision: 'unknown', time: 'unknown'
System info: host: 'DESKTOP-T3IG8H8', ip: '10.0.0.103', os.name: 'Windows 10', os.arch: 'amd64', os.version: '10.0', java.version: '1.8.0_211'
Driver info: org.openqa.selenium.firefox.FirefoxDriver
Capabilities [{moz:profile=C:\Users\tript\AppData\Local\Temp\rust_mozprofile.4btCpRSOlzeT, rotatable=false, moz:geckodriverVersion=0.24.0, timeouts={implicit=0.0, pageLoad=300000.0, script=30000.0}, pageLoadStrategy=normal, unhandledPromptBehavior=dismiss and notify, strictFileInteractability=false, moz:headless=false, platform=ANY, moz:accessibilityChecks=false, moz:useNonSpecCompliantPointerOrigin=false, acceptInsecureCerts=false, browserVersion=67.0.2, moz:shutdownTimeout=60000.0, platformVersion=10.0, moz:processID=18444.0, browserName=firefox, moz:buildID=20190607204818, javascriptEnabled=true, platformName=windows, setWindowRect=true, moz:webdriverClick=true}]
Session ID: fd036abf-c6c9-416d-8c89-a1b56a19f64e]]>
            </message>
            <full-stacktrace>
              <![CDATA[org.openqa.selenium.UnhandledAlertException: Dismissed user prompt dialog: User or Password is not valid: 
Build info: version: '3.4.0', revision: 'unknown', time: 'unknown'
System info: host: 'DESKTOP-T3IG8H8', ip: '10.0.0.103', os.name: 'Windows 10', os.arch: 'amd64', os.version: '10.0', java.version: '1.8.0_211'
Driver info: org.openqa.selenium.firefox.FirefoxDriver
Capabilities [{moz:profile=C:\Users\tript\AppData\Local\Temp\rust_mozprofile.4btCpRSOlzeT, rotatable=false, moz:geckodriverVersion=0.24.0, timeouts={implicit=0.0, pageLoad=300000.0, script=30000.0}, pageLoadStrategy=normal, unhandledPromptBehavior=dismiss and notify, strictFileInteractability=false, moz:headless=false, platform=ANY, moz:accessibilityChecks=false, moz:useNonSpecCompliantPointerOrigin=false, acceptInsecureCerts=false, browserVersion=67.0.2, moz:shutdownTimeout=60000.0, platformVersion=10.0, moz:processID=18444.0, browserName=firefox, moz:buildID=20190607204818, javascriptEnabled=true, platformName=windows, setWindowRect=true, moz:webdriverClick=true}]
Session ID: fd036abf-c6c9-416d-8c89-a1b56a19f64e
	at org.openqa.selenium.remote.http.W3CHttpResponseCodec.decode(W3CHttpResponseCodec.java:113)
	at org.openqa.selenium.remote.http.W3CHttpResponseCodec.decode(W3CHttpResponseCodec.java:45)
	at org.openqa.selenium.remote.HttpCommandExecutor.execute(HttpCommandExecutor.java:164)
	at org.openqa.selenium.remote.service.DriverCommandExecutor.execute(DriverCommandExecutor.java:82)
	at org.openqa.selenium.remote.RemoteWebDriver.execute(RemoteWebDriver.java:637)
	at org.openqa.selenium.remote.RemoteWebDriver.execute(RemoteWebDriver.java:694)
	at org.openqa.selenium.remote.RemoteWebDriver.close(RemoteWebDriver.java:523)
	at guru99Demo.guru99Demo.LoginTestCase.teardown(LoginTestCase.java:53)
	at sun.reflect.NativeMethodAccessorImpl.invoke0(Native Method)
	at sun.reflect.NativeMethodAccessorImpl.invoke(NativeMethodAccessorImpl.java:62)
	at sun.reflect.DelegatingMethodAccessorImpl.invoke(DelegatingMethodAccessorImpl.java:43)
	at java.lang.reflect.Method.invoke(Method.java:498)
	at org.testng.internal.MethodInvocationHelper.invokeMethod(MethodInvocationHelper.java:80)
	at org.testng.internal.Invoker.invokeConfigurationMethod(Invoker.java:564)
	at org.testng.internal.Invoker.invokeConfigurations(Invoker.java:213)
	at org.testng.internal.Invoker.invokeConfigurations(Invoker.java:138)
	at org.testng.TestRunner.afterRun(TestRunner.java:1021)
	at org.testng.TestRunner.run(TestRunner.java:621)
	at org.testng.SuiteRunner.runTest(SuiteRunner.java:334)
	at org.testng.SuiteRunner.runSequentially(SuiteRunner.java:329)
	at org.testng.SuiteRunner.privateRun(SuiteRunner.java:291)
	at org.testng.SuiteRunner.run(SuiteRunner.java:240)
	at org.testng.SuiteRunnerWorker.runSuite(SuiteRunnerWorker.java:52)
	at org.testng.SuiteRunnerWorker.run(SuiteRunnerWorker.java:86)
	at org.testng.TestNG.runSuitesSequentially(TestNG.java:1198)
	at org.testng.TestNG.runSuitesLocally(TestNG.java:1123)
	at org.testng.TestNG.run(TestNG.java:1031)
	at org.apache.maven.surefire.testng.TestNGExecutor.run(TestNGExecutor.java:283)
	at org.apache.maven.surefire.testng.TestNGXmlTestSuite.execute(TestNGXmlTestSuite.java:75)
	at org.apache.maven.surefire.testng.TestNGProvider.invoke(TestNGProvider.java:120)
	at org.apache.maven.surefire.booter.ForkedBooter.invokeProviderInSameClassLoader(ForkedBooter.java:386)
	at org.apache.maven.surefire.booter.ForkedBooter.runSuitesInProcess(ForkedBooter.java:323)
	at org.apache.maven.surefire.booter.ForkedBooter.main(ForkedBooter.java:143)
]]>
            </full-stacktrace>
          </exception> <!-- org.openqa.selenium.UnhandledAlertException -->
          <reporter-output>
          </reporter-output>
        </test-method> <!-- teardown -->
      </class> <!-- guru99Demo.guru99Demo.HomepageValidation -->
      <class name="guru99Demo.guru99Demo.LoginTestCase">
        <test-method status="PASS" signature="userLogin(java.lang.String, java.lang.String)[pri:0, instance:guru99Demo.guru99Demo.LoginTestCase@2096442d]" name="userLogin" duration-ms="2000" started-at="2019-09-13T10:40:04Z" data-provider="getData" finished-at="2019-09-13T10:40:06Z">
          <params>
            <param index="0">
              <value>
                <![CDATA[mngr222801]]>
              </value>
            </param>
            <param index="1">
              <value>
                <![CDATA[gAtejAt]]>
              </value>
            </param>
          </params>
          <reporter-output>
          </reporter-output>
        </test-method> <!-- userLogin -->
        <test-method status="PASS" signature="userLogin(java.lang.String, java.lang.String)[pri:0, instance:guru99Demo.guru99Demo.LoginTestCase@2096442d]" name="userLogin" duration-ms="789" started-at="2019-09-13T10:40:06Z" data-provider="getData" finished-at="2019-09-13T10:40:07Z">
          <params>
            <param index="0">
              <value>
                <![CDATA[tripti]]>
              </value>
            </param>
            <param index="1">
              <value>
                <![CDATA[1234]]>
              </value>
            </param>
          </params>
          <reporter-output>
          </reporter-output>
        </test-method> <!-- userLogin -->
      </class> <!-- guru99Demo.guru99Demo.LoginTestCase -->
    </test> <!-- Test -->
  </suite> <!-- Suite -->
</testng-results>
