<?xml version="1.0" encoding="UTF-8"?>
<testsuite xmlns:xsi="http://www.w3.org/2001/XMLSchema-instance" xsi:noNamespaceSchemaLocation="https://maven.apache.org/surefire/maven-surefire-plugin/xsd/surefire-test-report.xsd" name="TestSuite" time="48.016" tests="3" errors="0" skipped="0" failures="1">
  <properties>
[...]
</properties>
  <testcase name="userLogin" classname="guru99Demo.guru99Demo.LoginTestCase" time="1.163"/>
  <testcase name="userLogin" classname="guru99Demo.guru99Demo.LoginTestCase" time="30.052">
    <failure message="Unable to locate element: //input[@name=&apos;uid&apos;]&#10;For documentation on this error, please visit: http://seleniumhq.org/exceptions/no_such_element.html&#10;Build info: version: &apos;3.4.0&apos;, revision: &apos;unknown&apos;, time: &apos;unknown&apos;&#10;System info: host: &apos;DESKTOP-T3IG8H8&apos;, ip: &apos;10.0.0.103&apos;, os.name: &apos;Windows 10&apos;, os.arch: &apos;amd64&apos;, os.version: &apos;10.0&apos;, java.version: &apos;1.8.0_211&apos;&#10;Driver info: org.openqa.selenium.firefox.FirefoxDriver&#10;Capabilities [{moz:profile=C:\Users\tript\AppData\Local\Temp\rust_mozprofile.PRDQjlQpM5th, rotatable=false, moz:geckodriverVersion=0.24.0, timeouts={implicit=0.0, pageLoad=300000.0, script=30000.0}, pageLoadStrategy=normal, unhandledPromptBehavior=dismiss and notify, strictFileInteractability=false, moz:headless=false, platform=ANY, moz:accessibilityChecks=false, moz:useNonSpecCompliantPointerOrigin=false, acceptInsecureCerts=false, browserVersion=67.0.2, moz:shutdownTimeout=60000.0, platformVersion=10.0, moz:processID=26756.0, browserName=firefox, moz:buildID=20190607204818, javascriptEnabled=true, platformName=windows, setWindowRect=true, moz:webdriverClick=true}]&#10;Session ID: daa22b8f-1556-4765-a6a7-b60440a5f9e9&#10;*** Element info: {Using=xpath, value=//input[@name=&apos;uid&apos;]}" type="org.openqa.selenium.NoSuchElementException">org.openqa.selenium.NoSuchElementException: 
Unable to locate element: //input[@name='uid']
For documentation on this error, please visit: http://seleniumhq.org/exceptions/no_such_element.html
Build info: version: '3.4.0', revision: 'unknown', time: 'unknown'
System info: host: 'DESKTOP-T3IG8H8', ip: '10.0.0.103', os.name: 'Windows 10', os.arch: 'amd64', os.version: '10.0', java.version: '1.8.0_211'
Driver info: org.openqa.selenium.firefox.FirefoxDriver
Capabilities [{moz:profile=C:\Users\tript\AppData\Local\Temp\rust_mozprofile.PRDQjlQpM5th, rotatable=false, moz:geckodriverVersion=0.24.0, timeouts={implicit=0.0, pageLoad=300000.0, script=30000.0}, pageLoadStrategy=normal, unhandledPromptBehavior=dismiss and notify, strictFileInteractability=false, moz:headless=false, platform=ANY, moz:accessibilityChecks=false, moz:useNonSpecCompliantPointerOrigin=false, acceptInsecureCerts=false, browserVersion=67.0.2, moz:shutdownTimeout=60000.0, platformVersion=10.0, moz:processID=26756.0, browserName=firefox, moz:buildID=20190607204818, javascriptEnabled=true, platformName=windows, setWindowRect=true, moz:webdriverClick=true}]
Session ID: daa22b8f-1556-4765-a6a7-b60440a5f9e9
*** Element info: {Using=xpath, value=//input[@name='uid']}
	at guru99Demo.guru99Demo.LoginTestCase.userLogin(LoginTestCase.java:41)
</failure>
  </testcase>
  <testcase name="userLogin" classname="guru99Demo.guru99Demo.LoginTopNavTC2" time="6.691"/>
</testsuite>